#
# There is insufficient memory for the Java Runtime Environment to continue.
# Native memory allocation (malloc) failed to allocate 741776 bytes for Chunk::new
# Possible reasons:
#   The system is out of physical RAM or swap space
#   The process is running with CompressedOops enabled, and the Java Heap may be blocking the growth of the native heap
# Possible solutions:
#   Reduce memory load on the system
#   Increase physical memory or swap space
#   Check if swap backing store is full
#   Decrease Java heap size (-Xmx/-Xms)
#   Decrease number of Java threads
#   Decrease Java thread stack sizes (-Xss)
#   Set larger code cache with -XX:ReservedCodeCacheSize=
#   JVM is running with Zero Based Compressed Oops mode in which the Java heap is
#     placed in the first 32GB address space. The Java Heap base address is the
#     maximum limit for the native heap growth. Please use -XX:HeapBaseMinAddress
#     to set the Java Heap base and to place the Java Heap above 32GB virtual address.
# This output file may be truncated or incomplete.
#
#  Out of Memory Error (allocation.cpp:389), pid=77876, tid=0x0000000000007ef8
#
# JRE version: Java(TM) SE Runtime Environment (8.0_281-b09) (build 1.8.0_281-b09)
# Java VM: Java HotSpot(TM) 64-Bit Server VM (25.281-b09 mixed mode windows-amd64 compressed oops)
# Failed to write core dump. Minidumps are not enabled by default on client versions of Windows
#

---------------  T H R E A D  ---------------

Current thread (0x0000014be7bb4800):  JavaThread "C2 CompilerThread2" daemon [_thread_in_native, id=32504, stack(0x00000009eb900000,0x00000009eba00000)]

Stack: [0x00000009eb900000,0x00000009eba00000]
Native frames: (J=compiled Java code, j=interpreted, Vv=VM code, C=native code)
V  [jvm.dll+0x32e5b9]
V  [jvm.dll+0x275012]
V  [jvm.dll+0x275cbd]
V  [jvm.dll+0x26c6f5]
V  [jvm.dll+0xd51fc]
V  [jvm.dll+0xd59fc]
V  [jvm.dll+0x46f8c3]
V  [jvm.dll+0x4370fe]
V  [jvm.dll+0x4403d5]
V  [jvm.dll+0x43f795]
V  [jvm.dll+0x42a5e7]
V  [jvm.dll+0xabe9b]
V  [jvm.dll+0xaa4fb]
V  [jvm.dll+0x23d6b2]
V  [jvm.dll+0x291cbc]
C  [ucrtbase.dll+0x210b2]
C  [KERNEL32.DLL+0x17c24]
C  [ntdll.dll+0x6d721]


Current CompileTask:
C2:   2017 2331   !   4       java.net.URLClassLoader$1::run (63 bytes)


---------------  P R O C E S S  ---------------

Java Threads: ( => current thread )
  0x0000014be7c62800 JavaThread "Service Thread" daemon [_thread_blocked, id=77820, stack(0x00000009ebb00000,0x00000009ebc00000)]
  0x0000014be7bc6800 JavaThread "C1 CompilerThread3" daemon [_thread_in_vm, id=3692, stack(0x00000009eba00000,0x00000009ebb00000)]
=>0x0000014be7bb4800 JavaThread "C2 CompilerThread2" daemon [_thread_in_native, id=32504, stack(0x00000009eb900000,0x00000009eba00000)]
  0x0000014be7bb3800 JavaThread "C2 CompilerThread1" daemon [_thread_in_native, id=78800, stack(0x00000009eb800000,0x00000009eb900000)]
  0x0000014be7bb1800 JavaThread "C2 CompilerThread0" daemon [_thread_in_native, id=31272, stack(0x00000009eb700000,0x00000009eb800000)]
  0x0000014be7bab800 JavaThread "Monitor Ctrl-Break" daemon [_thread_in_native, id=66024, stack(0x00000009eb600000,0x00000009eb700000)]
  0x0000014be5df7800 JavaThread "Attach Listener" daemon [_thread_blocked, id=45176, stack(0x00000009eb500000,0x00000009eb600000)]
  0x0000014be5de1000 JavaThread "Signal Dispatcher" daemon [_thread_blocked, id=19176, stack(0x00000009eb400000,0x00000009eb500000)]
  0x0000014be5dc8800 JavaThread "Finalizer" daemon [_thread_blocked, id=15152, stack(0x00000009eb300000,0x00000009eb400000)]
  0x0000014be5dc1800 JavaThread "Reference Handler" daemon [_thread_blocked, id=42788, stack(0x00000009eb200000,0x00000009eb300000)]
  0x0000014bcb25c800 JavaThread "main" [_thread_in_native, id=73696, stack(0x00000009ea800000,0x00000009ea900000)]

Other Threads:
  0x0000014be5d96800 VMThread [stack: 0x00000009eb100000,0x00000009eb200000] [id=35120]
  0x0000014be7cb4000 WatcherThread [stack: 0x00000009ebc00000,0x00000009ebd00000] [id=59780]

VM state:not at safepoint (normal execution)

VM Mutex/Monitor currently owned by a thread: None

heap address: 0x00000006c2e00000, size: 4050 MB, Compressed Oops mode: Zero based, Oop shift amount: 3
Narrow klass base: 0x0000000000000000, Narrow klass shift: 3
Compressed class space size: 1073741824 Address: 0x00000007c0000000

Heap:
 PSYoungGen      total 75776K, used 41283K [0x000000076ba00000, 0x0000000770e80000, 0x00000007c0000000)
  eden space 65024K, 47% used [0x000000076ba00000,0x000000076d862140,0x000000076f980000)
  from space 10752K, 94% used [0x0000000770400000,0x0000000770deead0,0x0000000770e80000)
  to   space 10752K, 0% used [0x000000076f980000,0x000000076f980000,0x0000000770400000)
 ParOldGen       total 173568K, used 24K [0x00000006c2e00000, 0x00000006cd780000, 0x000000076ba00000)
  object space 173568K, 0% used [0x00000006c2e00000,0x00000006c2e06000,0x00000006cd780000)
 Metaspace       used 17046K, capacity 17480K, committed 17792K, reserved 1064960K
  class space    used 2013K, capacity 2116K, committed 2176K, reserved 1048576K

Card table byte_map: [0x0000014bdbf60000,0x0000014bdc750000] byte_map_base: 0x0000014bd8949000

Marking Bits: (ParMarkBitMap*) 0x0000000067716ff0
 Begin Bits: [0x0000014bdcca0000, 0x0000014be0be8000)
 End Bits:   [0x0000014be0be8000, 0x0000014be4b30000)

Polling page: 0x0000014bcb210000

CodeCache: size=245760Kb used=8946Kb max_used=8962Kb free=236813Kb
 bounds [0x0000014bccba0000, 0x0000014bcd470000, 0x0000014bdbba0000]
 total_blobs=3082 nmethods=2715 adapters=279
 compilation: enabled

Compilation events (10 events):
Event: 1.986 Thread 0x0000014be7bc6800 nmethod 2645 0x0000014bcd430990 code [0x0000014bcd430ba0, 0x0000014bcd4316c0]
Event: 1.986 Thread 0x0000014be7bc6800 2642       3       org.apache.maven.model.building.ModelData::setRawModel (6 bytes)
Event: 1.986 Thread 0x0000014be7bc6800 nmethod 2642 0x0000014bcd431b10 code [0x0000014bcd431c60, 0x0000014bcd431dd8]
Event: 1.986 Thread 0x0000014be7bc6800 2644       3       org.apache.maven.model.profile.DefaultProfileActivationContext::setProjectProperties (28 bytes)
Event: 1.987 Thread 0x0000014be7bc6800 nmethod 2644 0x0000014bcd431e50 code [0x0000014bcd432000, 0x0000014bcd432520]
Event: 1.987 Thread 0x0000014be7bc6800 2646       3       org.apache.maven.model.building.ModelData::setActiveProfiles (6 bytes)
Event: 1.987 Thread 0x0000014be7bc6800 nmethod 2646 0x0000014bcd432790 code [0x0000014bcd4328e0, 0x0000014bcd432a58]
Event: 1.987 Thread 0x0000014be7bc6800 2648       3       sun.nio.cs.UTF_8$Encoder::encodeLoop (28 bytes)
Event: 1.987 Thread 0x0000014be7bc6800 nmethod 2648 0x0000014bcd432ad0 code [0x0000014bcd432c60, 0x0000014bcd4331a0]
Event: 1.987 Thread 0x0000014be7bc6800 2651   !   3       org.apache.maven.model.DependencyManagement::clone (137 bytes)

GC Heap History (4 events):
Event: 1.041 GC heap before
{Heap before GC invocations=1 (full 0):
 PSYoungGen      total 75776K, used 65024K [0x000000076ba00000, 0x0000000770e80000, 0x00000007c0000000)
  eden space 65024K, 100% used [0x000000076ba00000,0x000000076f980000,0x000000076f980000)
  from space 10752K, 0% used [0x0000000770400000,0x0000000770400000,0x0000000770e80000)
  to   space 10752K, 0% used [0x000000076f980000,0x000000076f980000,0x0000000770400000)
 ParOldGen       total 173568K, used 0K [0x00000006c2e00000, 0x00000006cd780000, 0x000000076ba00000)
  object space 173568K, 0% used [0x00000006c2e00000,0x00000006c2e00000,0x00000006cd780000)
 Metaspace       used 10874K, capacity 11048K, committed 11136K, reserved 1058816K
  class space    used 1321K, capacity 1380K, committed 1408K, reserved 1048576K
Event: 1.051 GC heap after
Heap after GC invocations=1 (full 0):
 PSYoungGen      total 75776K, used 8741K [0x000000076ba00000, 0x0000000770e80000, 0x00000007c0000000)
  eden space 65024K, 0% used [0x000000076ba00000,0x000000076ba00000,0x000000076f980000)
  from space 10752K, 81% used [0x000000076f980000,0x00000007702094e8,0x0000000770400000)
  to   space 10752K, 0% used [0x0000000770400000,0x0000000770400000,0x0000000770e80000)
 ParOldGen       total 173568K, used 16K [0x00000006c2e00000, 0x00000006cd780000, 0x000000076ba00000)
  object space 173568K, 0% used [0x00000006c2e00000,0x00000006c2e04000,0x00000006cd780000)
 Metaspace       used 10874K, capacity 11048K, committed 11136K, reserved 1058816K
  class space    used 1321K, capacity 1380K, committed 1408K, reserved 1048576K
}
Event: 1.755 GC heap before
{Heap before GC invocations=2 (full 0):
 PSYoungGen      total 75776K, used 73765K [0x000000076ba00000, 0x0000000770e80000, 0x00000007c0000000)
  eden space 65024K, 100% used [0x000000076ba00000,0x000000076f980000,0x000000076f980000)
  from space 10752K, 81% used [0x000000076f980000,0x00000007702094e8,0x0000000770400000)
  to   space 10752K, 0% used [0x0000000770400000,0x0000000770400000,0x0000000770e80000)
 ParOldGen       total 173568K, used 16K [0x00000006c2e00000, 0x00000006cd780000, 0x000000076ba00000)
  object space 173568K, 0% used [0x00000006c2e00000,0x00000006c2e04000,0x00000006cd780000)
 Metaspace       used 16192K, capacity 16506K, committed 16640K, reserved 1064960K
  class space    used 1941K, capacity 2046K, committed 2048K, reserved 1048576K
Event: 1.764 GC heap after
Heap after GC invocations=2 (full 0):
 PSYoungGen      total 75776K, used 10170K [0x000000076ba00000, 0x0000000770e80000, 0x00000007c0000000)
  eden space 65024K, 0% used [0x000000076ba00000,0x000000076ba00000,0x000000076f980000)
  from space 10752K, 94% used [0x0000000770400000,0x0000000770deead0,0x0000000770e80000)
  to   space 10752K, 0% used [0x000000076f980000,0x000000076f980000,0x0000000770400000)
 ParOldGen       total 173568K, used 24K [0x00000006c2e00000, 0x00000006cd780000, 0x000000076ba00000)
  object space 173568K, 0% used [0x00000006c2e00000,0x00000006c2e06000,0x00000006cd780000)
 Metaspace       used 16192K, capacity 16506K, committed 16640K, reserved 1064960K
  class space    used 1941K, capacity 2046K, committed 2048K, reserved 1048576K
}

Deoptimization events (10 events):
Event: 1.779 Thread 0x0000014bcb25c800 Uncommon trap: reason=unstable_if action=reinterpret pc=0x0000014bcced858c method=java.io.Reader.read()I @ 12
Event: 1.785 Thread 0x0000014bcb25c800 Uncommon trap: reason=class_check action=maybe_recompile pc=0x0000014bcd0d690c method=com.google.inject.internal.LinkedBindingImpl.acceptTargetVisitor(Lcom/google/inject/spi/BindingTargetVisitor;)Ljava/lang/Object; @ 2
Event: 1.785 Thread 0x0000014bcb25c800 Uncommon trap: reason=class_check action=maybe_recompile pc=0x0000014bcd0d690c method=com.google.inject.internal.LinkedBindingImpl.acceptTargetVisitor(Lcom/google/inject/spi/BindingTargetVisitor;)Ljava/lang/Object; @ 2
Event: 1.800 Thread 0x0000014bcb25c800 Uncommon trap: reason=class_check action=maybe_recompile pc=0x0000014bcd0d690c method=com.google.inject.internal.LinkedBindingImpl.acceptTargetVisitor(Lcom/google/inject/spi/BindingTargetVisitor;)Ljava/lang/Object; @ 2
Event: 1.800 Thread 0x0000014bcb25c800 Uncommon trap: reason=class_check action=maybe_recompile pc=0x0000014bcd0d690c method=com.google.inject.internal.LinkedBindingImpl.acceptTargetVisitor(Lcom/google/inject/spi/BindingTargetVisitor;)Ljava/lang/Object; @ 2
Event: 1.902 Thread 0x0000014bcb25c800 Uncommon trap: reason=unstable_if action=reinterpret pc=0x0000014bcd2fe320 method=org.codehaus.plexus.util.xml.pull.MXParser.nextImpl()I @ 310
Event: 1.927 Thread 0x0000014bcb25c800 Uncommon trap: reason=unstable_if action=reinterpret pc=0x0000014bcd29b6fc method=org.apache.maven.model.io.xpp3.MavenXpp3Reader.nextTag(Lorg/codehaus/plexus/util/xml/pull/XmlPullParser;)I @ 9
Event: 1.928 Thread 0x0000014bcb25c800 Uncommon trap: reason=predicate action=maybe_recompile pc=0x0000014bcd32f9a0 method=java.util.TimSort.binarySort([Ljava/lang/Object;IIILjava/util/Comparator;)V @ 37
Event: 1.957 Thread 0x0000014bcb25c800 Uncommon trap: reason=unstable_if action=reinterpret pc=0x0000014bcd1e0ce0 method=java.lang.String.trim()Ljava/lang/String; @ 63
Event: 1.978 Thread 0x0000014bcb25c800 Uncommon trap: reason=unstable_if action=reinterpret pc=0x0000014bcd2eb208 method=java.lang.String.trim()Ljava/lang/String; @ 63

Classes redefined (0 events):
No events

Internal exceptions (10 events):
Event: 0.807 Thread 0x0000014bcb25c800 Exception <a 'java/lang/ArrayIndexOutOfBoundsException'> (0x000000076df61210) thrown at [C:\jenkins\workspace\8-2-build-windows-amd64-cygwin\jdk8u281\880\hotspot\src\share\vm\runtime\sharedRuntime.cpp, line 609]
Event: 0.808 Thread 0x0000014bcb25c800 Exception <a 'java/lang/ArrayIndexOutOfBoundsException'> (0x000000076df65b70) thrown at [C:\jenkins\workspace\8-2-build-windows-amd64-cygwin\jdk8u281\880\hotspot\src\share\vm\runtime\sharedRuntime.cpp, line 609]
Event: 0.858 Thread 0x0000014bcb25c800 Exception <a 'java/lang/ArrayIndexOutOfBoundsException': 66> (0x000000076e2f7040) thrown at [C:\jenkins\workspace\8-2-build-windows-amd64-cygwin\jdk8u281\880\hotspot\src\share\vm\interpreter\interpreterRuntime.cpp, line 371]
Event: 1.290 Thread 0x0000014bcb25c800 Exception <a 'java/lang/NoClassDefFoundError': com/google/inject/servlet/ServletModuleTargetVisitor> (0x000000076d3edff8) thrown at [C:\jenkins\workspace\8-2-build-windows-amd64-cygwin\jdk8u281\880\hotspot\src\share\vm\classfile\systemDictionary.cpp, line
Event: 1.290 Thread 0x0000014bcb25c800 Exception <a 'java/lang/NoClassDefFoundError'> (0x000000076d3edff8) thrown at [C:\jenkins\workspace\8-2-build-windows-amd64-cygwin\jdk8u281\880\hotspot\src\share\vm\prims\jvm.cpp, line 1516]
Event: 1.290 Thread 0x0000014bcb25c800 Exception <a 'java/lang/NoClassDefFoundError': javax/annotation/Priority> (0x000000076d3f2d68) thrown at [C:\jenkins\workspace\8-2-build-windows-amd64-cygwin\jdk8u281\880\hotspot\src\share\vm\classfile\systemDictionary.cpp, line 201]
Event: 1.367 Thread 0x0000014bcb25c800 Implicit null exception at 0x0000014bccd69a99 to 0x0000014bccd69c95
Event: 1.612 Thread 0x0000014bcb25c800 Implicit null exception at 0x0000014bcd20def1 to 0x0000014bcd20f259
Event: 1.641 Thread 0x0000014bcb25c800 Implicit null exception at 0x0000014bccf817d5 to 0x0000014bccf819d5
Event: 1.641 Thread 0x0000014bcb25c800 Implicit null exception at 0x0000014bccf9e3af to 0x0000014bccf9e419

Events (10 events):
Event: 1.928 Thread 0x0000014bcb25c800 DEOPT PACKING pc=0x0000014bcd32f9a0 sp=0x00000009ea8fa7b0
Event: 1.928 Thread 0x0000014bcb25c800 DEOPT UNPACKING pc=0x0000014bccbe5843 sp=0x00000009ea8fa768 mode 2
Event: 1.957 Thread 0x0000014bcb25c800 Uncommon trap: trap_request=0xffffff65 fr.pc=0x0000014bcd1e0ce0
Event: 1.957 Thread 0x0000014bcb25c800 DEOPT PACKING pc=0x0000014bcd1e0ce0 sp=0x00000009ea8fc4c0
Event: 1.957 Thread 0x0000014bcb25c800 DEOPT UNPACKING pc=0x0000014bccbe5843 sp=0x00000009ea8fc490 mode 2
Event: 1.965 loading class org/eclipse/aether/collection/DependencyManagement
Event: 1.965 loading class org/eclipse/aether/collection/DependencyManagement done
Event: 1.978 Thread 0x0000014bcb25c800 Uncommon trap: trap_request=0xffffff65 fr.pc=0x0000014bcd2eb208
Event: 1.978 Thread 0x0000014bcb25c800 DEOPT PACKING pc=0x0000014bcd2eb208 sp=0x00000009ea8fc9b0
Event: 1.978 Thread 0x0000014bcb25c800 DEOPT UNPACKING pc=0x0000014bccbe5843 sp=0x00000009ea8fc8c0 mode 2


Dynamic libraries:
0x00007ff6cff00000 - 0x00007ff6cff47000 	D:\InstallationPath\Java\jdk1.8.0_281\bin\java.exe
0x00007ffda84c0000 - 0x00007ffda86b0000 	C:\WINDOWS\SYSTEM32\ntdll.dll
0x00007ffda7f10000 - 0x00007ffda7fc2000 	C:\WINDOWS\System32\KERNEL32.DLL
0x00007ffda5480000 - 0x00007ffda5725000 	C:\WINDOWS\System32\KERNELBASE.dll
0x00007ffda6930000 - 0x00007ffda69d3000 	C:\WINDOWS\System32\ADVAPI32.dll
0x00007ffda7fd0000 - 0x00007ffda806e000 	C:\WINDOWS\System32\msvcrt.dll
0x00007ffda69e0000 - 0x00007ffda6a77000 	C:\WINDOWS\System32\sechost.dll
0x00007ffda76a0000 - 0x00007ffda77bf000 	C:\WINDOWS\System32\RPCRT4.dll
0x00007ffda7d70000 - 0x00007ffda7f04000 	C:\WINDOWS\System32\USER32.dll
0x00007ffda5840000 - 0x00007ffda5861000 	C:\WINDOWS\System32\win32u.dll
0x00007ffda7670000 - 0x00007ffda7696000 	C:\WINDOWS\System32\GDI32.dll
0x00007ffda5ad0000 - 0x00007ffda5c68000 	C:\WINDOWS\System32\gdi32full.dll
0x00007ffda5900000 - 0x00007ffda599e000 	C:\WINDOWS\System32\msvcp_win.dll
0x00007ffda59d0000 - 0x00007ffda5aca000 	C:\WINDOWS\System32\ucrtbase.dll
0x00007ffd91ea0000 - 0x00007ffd92124000 	C:\WINDOWS\WinSxS\amd64_microsoft.windows.common-controls_6595b64144ccf1df_6.0.18362.1556_none_9e7e372fe45e41d5\COMCTL32.dll
0x00007ffda6590000 - 0x00007ffda68c6000 	C:\WINDOWS\System32\combase.dll
0x00007ffda5870000 - 0x00007ffda58f1000 	C:\WINDOWS\System32\bcryptPrimitives.dll
0x00007ffda83d0000 - 0x00007ffda83fe000 	C:\WINDOWS\System32\IMM32.DLL
0x00007ffd9c020000 - 0x00007ffd9c035000 	D:\InstallationPath\Java\jdk1.8.0_281\jre\bin\vcruntime140.dll
0x00007ffd74f00000 - 0x00007ffd74f9b000 	D:\InstallationPath\Java\jdk1.8.0_281\jre\bin\msvcp140.dll
0x0000000066f30000 - 0x000000006778f000 	D:\InstallationPath\Java\jdk1.8.0_281\jre\bin\server\jvm.dll
0x00007ffda6570000 - 0x00007ffda6578000 	C:\WINDOWS\System32\PSAPI.DLL
0x00007ffda0c00000 - 0x00007ffda0c24000 	C:\WINDOWS\SYSTEM32\WINMM.dll
0x00007ffd9cb10000 - 0x00007ffd9cb1a000 	C:\WINDOWS\SYSTEM32\VERSION.dll
0x00007ffda05f0000 - 0x00007ffda05f9000 	C:\WINDOWS\SYSTEM32\WSOCK32.dll
0x00007ffda8360000 - 0x00007ffda83cf000 	C:\WINDOWS\System32\WS2_32.dll
0x00007ffda0bd0000 - 0x00007ffda0bfd000 	C:\WINDOWS\SYSTEM32\WINMMBASE.dll
0x00007ffda5430000 - 0x00007ffda547a000 	C:\WINDOWS\System32\cfgmgr32.dll
0x00007ffda5380000 - 0x00007ffda5391000 	C:\WINDOWS\System32\kernel.appcore.dll
0x00007ffda1a10000 - 0x00007ffda1a20000 	D:\InstallationPath\Java\jdk1.8.0_281\jre\bin\verify.dll
0x00007ffd8f9c0000 - 0x00007ffd8f9eb000 	D:\InstallationPath\Java\jdk1.8.0_281\jre\bin\java.dll
0x00007ffd8faa0000 - 0x00007ffd8fad0000 	D:\InstallationPath\Java\jdk1.8.0_281\jre\bin\instrument.dll
0x00007ffd9c000000 - 0x00007ffd9c018000 	D:\InstallationPath\Java\jdk1.8.0_281\jre\bin\zip.dll
0x00007ffda6c50000 - 0x00007ffda7337000 	C:\WINDOWS\System32\SHELL32.dll
0x00007ffda8250000 - 0x00007ffda82f8000 	C:\WINDOWS\System32\shcore.dll
0x00007ffda5c90000 - 0x00007ffda640b000 	C:\WINDOWS\System32\windows.storage.dll
0x00007ffda5410000 - 0x00007ffda542e000 	C:\WINDOWS\System32\profapi.dll
0x00007ffda53a0000 - 0x00007ffda53ea000 	C:\WINDOWS\System32\powrprof.dll
0x00007ffda5370000 - 0x00007ffda5380000 	C:\WINDOWS\System32\UMPDC.dll
0x00007ffda68d0000 - 0x00007ffda6922000 	C:\WINDOWS\System32\shlwapi.dll
0x00007ffda5c70000 - 0x00007ffda5c87000 	C:\WINDOWS\System32\cryptsp.dll
0x00007ffd8fa40000 - 0x00007ffd8fa5a000 	D:\InstallationPath\IntelliJ IDEA 2022.3.2\bin\breakgen64.dll
0x00007ffd8fc30000 - 0x00007ffd8fc4c000 	D:\InstallationPath\Java\jdk1.8.0_281\jre\bin\net.dll
0x00007ffda4bb0000 - 0x00007ffda4c17000 	C:\WINDOWS\system32\mswsock.dll
0x00007ffda4730000 - 0x00007ffda4763000 	C:\WINDOWS\system32\rsaenh.dll
0x00007ffda59a0000 - 0x00007ffda59c6000 	C:\WINDOWS\System32\bcrypt.dll
0x00007ffda5260000 - 0x00007ffda5285000 	C:\WINDOWS\SYSTEM32\USERENV.dll
0x00007ffda4d80000 - 0x00007ffda4d8c000 	C:\WINDOWS\SYSTEM32\CRYPTBASE.dll
0x00007ffda48c0000 - 0x00007ffda48fa000 	C:\WINDOWS\SYSTEM32\IPHLPAPI.DLL
0x00007ffda6c40000 - 0x00007ffda6c48000 	C:\WINDOWS\System32\NSI.dll
0x00007ffd9bef0000 - 0x00007ffd9bf06000 	C:\WINDOWS\SYSTEM32\dhcpcsvc6.DLL
0x00007ffd9bfd0000 - 0x00007ffd9bfec000 	C:\WINDOWS\SYSTEM32\dhcpcsvc.DLL
0x00007ffda4900000 - 0x00007ffda49cb000 	C:\WINDOWS\SYSTEM32\DNSAPI.dll
0x00007ffd88df0000 - 0x00007ffd88e03000 	D:\InstallationPath\Java\jdk1.8.0_281\jre\bin\nio.dll
0x00007ffda21d0000 - 0x00007ffda21da000 	C:\Users\樂粹秷\AppData\Local\Temp\jansi-1.17.1-3714216193851036588.dll
0x00007ffda3430000 - 0x00007ffda3624000 	C:\WINDOWS\SYSTEM32\dbghelp.dll

VM Arguments:
jvm_args: -Dmaven.multiModuleProjectDirectory=E:\workspases\shop\swagger-json -Djansi.passthrough=true -DarchetypeCatalog=internal -Dfile.encoding=UTF-8 -Dmaven.home=D:\InstallationPath\IntelliJ IDEA 2022.3.2\plugins\maven\lib\maven3 -Dclassworlds.conf=D:\InstallationPath\IntelliJ IDEA 2022.3.2\plugins\maven\lib\maven3\bin\m2.conf -Dmaven.ext.class.path=D:\InstallationPath\IntelliJ IDEA 2022.3.2\plugins\maven\lib\maven-event-listener.jar -javaagent:D:\InstallationPath\IntelliJ IDEA 2022.3.2\lib\idea_rt.jar=55053:D:\InstallationPath\IntelliJ IDEA 2022.3.2\bin 
java_command: org.codehaus.classworlds.Launcher -Didea.version=2022.3.2 -s E:\apache-maven-3.5.3\conf\settings.xml install
java_class_path (initial): D:\InstallationPath\IntelliJ IDEA 2022.3.2\plugins\maven\lib\maven3\boot\plexus-classworlds-2.6.0.jar;D:\InstallationPath\IntelliJ IDEA 2022.3.2\plugins\maven\lib\maven3\boot\plexus-classworlds.license;D:\InstallationPath\IntelliJ IDEA 2022.3.2\lib\idea_rt.jar
Launcher Type: SUN_STANDARD

Environment Variables:
JAVA_HOME=D:\InstallationPath\Java\jdk1.8.0_281
CLASSPATH=.;D:\InstallationPath\Java\jdk1.8.0_281\lib\dt.jar;D:\InstallationPath\Java\jdk1.8.0_281\lib\tools.jar;
PATH=D:\VMware\VMware Player\bin\;C:\Program Files (x86)\Common Files\Oracle\Java\javapath;C:\WINDOWS\system32;C:\WINDOWS;C:\WINDOWS\System32\Wbem;C:\WINDOWS\System32\WindowsPowerShell\v1.0\;C:\WINDOWS\System32\OpenSSH\;D:\InstallationPath\Java\jdk1.8.0_281\bin;D:\InstallationPath\Java\jdk1.8.0_281\jdk\bin;C:\Program Files\MySQL\MySQL Server 8.0\bin;D:\InstallationPath\Git\cmd;D:\InstallationPath\Git\bin;E:\apache-maven-3.5.3\bin;E:\apache-maven-3.5.3\bin;E:\apache-tomcat-8.5.85\bin;E:\apache-tomcat-8.5.85\lib;D:\InstallationPath\NetSarang\Xftp 7\;D:\InstallationPath\NetSarang\Xshell 7\;C:\Program Files\MySQL\MySQL Shell 8.0\bin\;C:\Users\樂粹秷\AppData\Local\Microsoft\WindowsApps;C:\Users\樂粹秷\AppData\Local\GitHubDesktop\bin
USERNAME=樂粹秷
OS=Windows_NT
PROCESSOR_IDENTIFIER=Intel64 Family 6 Model 158 Stepping 10, GenuineIntel



---------------  S Y S T E M  ---------------

OS: Windows 10.0 , 64 bit Build 18362 (10.0.18362.1500)

CPU:total 8 (initial active 8) (4 cores per cpu, 2 threads per core) family 6 model 158 stepping 10, cmov, cx8, fxsr, mmx, sse, sse2, sse3, ssse3, sse4.1, sse4.2, popcnt, avx, avx2, aes, clmul, erms, 3dnowpref, lzcnt, ht, tsc, tscinvbit, bmi1, bmi2, adx

Memory: 4k page, physical 16582324k(3626296k free), swap 29689520k(4680k free)

vm_info: Java HotSpot(TM) 64-Bit Server VM (25.281-b09) for windows-amd64 JRE (1.8.0_281-b09), built on Dec  9 2020 13:54:07 by "" with MS VC++ 15.9 (VS2017)

time: Thu Mar 30 00:53:13 2023
timezone: ?D1迆㊣那℅?那㊣??
elapsed time: 2.031558 seconds (0d 0h 0m 2s)

